lyricview/build/intermediates/manifest_merge_blame_file/debug/manifest-merger-blame-debug-report.txt
1<?xml version="1.0" encoding="utf-8"?>
2<manifest xmlns:android="http://schemas.android.com/apk/res/android"
3    package="com.fangfei.lyricview" > <!-- Library gak perlu activity -->
4    <uses-sdk android:minSdkVersion="21" />
4-->src/main/AndroidManifest.xml
5
6</manifest>